<?xml version="1.0" encoding="UTF-8"?>
<!-- Generated by org.testng.reporters.JUnitReportReporter -->
<testsuite skipped="0" hostname="Monikas-MacBook-Air.local" name="CodingChallenge.TestVagrant.hotelSearch" tests="1" failures="0" timestamp="2020-05-05T16:48:39 IST" time="20.624" errors="0">
  <testcase name="HotelSearch" time="20.624" classname="CodingChallenge.TestVagrant.hotelSearch"/>
  <system-out/>
</testsuite> <!-- CodingChallenge.TestVagrant.hotelSearch -->
