<?xml version="1.0" encoding="UTF-8"?>
<!-- Generated by org.testng.reporters.JUnitReportReporter -->
<testsuite skipped="0" hostname="Monikas-MacBook-Air.local" name="CodingChallenge.TestVagrant.flightSearch" tests="1" failures="0" timestamp="2020-05-05T16:52:10 IST" time="27.041" errors="0">
  <testcase name="Onewayjourney" time="27.041" classname="CodingChallenge.TestVagrant.flightSearch"/>
  <system-out/>
</testsuite> <!-- CodingChallenge.TestVagrant.flightSearch -->
