<?xml version="1.0" encoding="UTF-8"?>
<!-- Generated by org.testng.reporters.JUnitReportReporter -->
<testsuite skipped="0" hostname="Monikas-MacBook-Air.local" name="CodingChallenge.TestVagrant.newcode" tests="1" failures="0" timestamp="2020-05-03T17:20:44 IST" time="14.991" errors="0">
  <testcase name="getdate" time="14.991" classname="CodingChallenge.TestVagrant.newcode"/>
  <system-out/>
</testsuite> <!-- CodingChallenge.TestVagrant.newcode -->
