<?xml version="1.0" encoding="UTF-8"?>
<!-- Generated by org.testng.reporters.JUnitReportReporter -->
<testsuite skipped="0" hostname="Monikas-MacBook-Air.local" name="CodingChallenge.TestVagrant.signIn" tests="1" failures="0" timestamp="2020-05-05T16:46:55 IST" time="19.284" errors="0">
  <testcase name="signin" time="19.284" classname="CodingChallenge.TestVagrant.signIn"/>
  <system-out/>
</testsuite> <!-- CodingChallenge.TestVagrant.signIn -->
