<?xml version="1.0" encoding="UTF-8"?>
<!-- Generated by org.testng.reporters.JUnitReportReporter -->
<testsuite skipped="0" hostname="Monikas-MacBook-Air.local" name="CodingChallenge.TestVagrant.flightBookingTest" tests="1" failures="0" timestamp="2020-05-04T16:35:13 IST" time="54.621" errors="0">
  <testcase name="Onewayjourney" time="54.621" classname="CodingChallenge.TestVagrant.flightBookingTest"/>
  <system-out/>
</testsuite> <!-- CodingChallenge.TestVagrant.flightBookingTest -->
