<?xml version="1.0" encoding="UTF-8"?>
<!-- Generated by org.testng.reporters.JUnitReportReporter -->
<testsuite skipped="0" hostname="Monikas-MacBook-Air.local" name="CodingChallenge.TestVagrant.hotelBooking" tests="1" failures="0" timestamp="2020-05-04T23:14:16 IST" time="17.862" errors="0">
  <testcase name="HotelSearch" time="17.862" classname="CodingChallenge.TestVagrant.hotelBooking"/>
  <system-out/>
</testsuite> <!-- CodingChallenge.TestVagrant.hotelBooking -->
